生成启动时间为 2019/12/3 14:16:16。
     1>项目“E:\Github\The_recording_of_studying_data_struct(github)\Tree_List\Tree_List\Tree_List.vcxproj”在节点 2 上(Build 个目标)。
     1>ClCompile:
         D:\Program Files (x86)\Microsoft Visual Studio 11.0\VC\bin\CL.exe /c /ZI /nologo /W3 /WX- /Od /Oy- /D WIN32 /D _DEBUG /D _CONSOLE /D _UNICODE /D UNICODE /Gm /EHsc /RTC1 /MDd /GS /fp:precise /Zc:wchar_t /Zc:forScope /Fo"Debug\\" /Fd"Debug\vc110.pdb" /Gd /TC /analyze- /errorReport:prompt PTree.c main.c
         main.c
         PTree.c
     1>e:\github\the_recording_of_studying_data_struct(github)\tree_list\tree_list\ptree.c(27): warning C4996: 'scanf': This function or variable may be unsafe. Consider using scanf_s instead. To disable deprecation, use _CRT_SECURE_NO_WARNINGS. See online help for details.
                 d:\program files (x86)\microsoft visual studio 11.0\vc\include\stdio.h(290) : 参见“scanf”的声明
     1>e:\github\the_recording_of_studying_data_struct(github)\tree_list\tree_list\ptree.c(32): warning C4996: 'scanf': This function or variable may be unsafe. Consider using scanf_s instead. To disable deprecation, use _CRT_SECURE_NO_WARNINGS. See online help for details.
                 d:\program files (x86)\microsoft visual studio 11.0\vc\include\stdio.h(290) : 参见“scanf”的声明
     1>e:\github\the_recording_of_studying_data_struct(github)\tree_list\tree_list\ptree.c(41): warning C4996: 'scanf': This function or variable may be unsafe. Consider using scanf_s instead. To disable deprecation, use _CRT_SECURE_NO_WARNINGS. See online help for details.
                 d:\program files (x86)\microsoft visual studio 11.0\vc\include\stdio.h(290) : 参见“scanf”的声明
         正在生成代码...
     1>e:\github\the_recording_of_studying_data_struct(github)\tree_list\tree_list\ptree.c(43): warning C4716: “Find_Tree”: 必须返回一个值
       Link:
         D:\Program Files (x86)\Microsoft Visual Studio 11.0\VC\bin\link.exe /ERRORREPORT:PROMPT /OUT:"E:\Github\The_recording_of_studying_data_struct(github)\Tree_List\Debug\Tree_List.exe" /INCREMENTAL /NOLOGO kernel32.lib user32.lib gdi32.lib winspool.lib comdlg32.lib advapi32.lib shell32.lib ole32.lib oleaut32.lib uuid.lib odbc32.lib odbccp32.lib /MANIFEST /MANIFESTUAC:"level='asInvoker' uiAccess='false'" /manifest:embed /DEBUG /PDB:"E:\Github\The_recording_of_studying_data_struct(github)\Tree_List\Debug\Tree_List.pdb" /SUBSYSTEM:CONSOLE /TLBID:1 /DYNAMICBASE /NXCOMPAT /IMPLIB:"E:\Github\The_recording_of_studying_data_struct(github)\Tree_List\Debug\Tree_List.lib" /MACHINE:X86 Debug\main.obj
         Debug\PTree.obj
         Tree_List.vcxproj -> E:\Github\The_recording_of_studying_data_struct(github)\Tree_List\Debug\Tree_List.exe
     1>已完成生成项目“E:\Github\The_recording_of_studying_data_struct(github)\Tree_List\Tree_List\Tree_List.vcxproj”(Build 个目标)的操作。

生成成功。

已用时间 00:00:01.18
